{
  "stats": {
    "suites": 1,
    "tests": 3,
    "passes": 3,
    "pending": 0,
    "failures": 0,
    "start": "2022-09-28T08:34:27.850Z",
    "end": "2022-09-28T08:34:30.754Z",
    "duration": 2904,
    "testsRegistered": 3,
    "passPercent": 100,
    "pendingPercent": 0,
    "other": 0,
    "hasOther": false,
    "skipped": 0,
    "hasSkipped": false
  },
  "results": [
    {
      "uuid": "870ff55b-7bf7-4e75-b7d1-6aad0fbf57df",
      "title": "",
      "fullFile": "cypress/e2e/searchNegative.cy.js",
      "file": "cypress/e2e/searchNegative.cy.js",
      "beforeHooks": [],
      "afterHooks": [],
      "tests": [],
      "suites": [
        {
          "uuid": "7c888086-6571-4cdd-ab3a-d5a9844a25b4",
          "title": "Negative search pattern",
          "fullFile": "",
          "file": "",
          "beforeHooks": [],
          "afterHooks": [],
          "tests": [
            {
              "title": "open wikipedia search page",
              "fullTitle": "Negative search pattern open wikipedia search page",
              "timedOut": null,
              "duration": 363,
              "state": "passed",
              "speed": "fast",
              "pass": true,
              "fail": false,
              "pending": false,
              "context": null,
              "code": "cy.visit('https://www.wikipedia.org/');",
              "err": {},
              "uuid": "7f018232-eb3c-44eb-b852-7ff14707c8ea",
              "parentUUID": "7c888086-6571-4cdd-ab3a-d5a9844a25b4",
              "isHook": false,
              "skipped": false
            },
            {
              "title": "verify empty search yields no result",
              "fullTitle": "Negative search pattern verify empty search yields no result",
              "timedOut": null,
              "duration": 1571,
              "state": "passed",
              "speed": "fast",
              "pass": true,
              "fail": false,
              "pending": false,
              "context": null,
              "code": "_search.default.click_search_bar();",
              "err": {},
              "uuid": "3d66f753-484e-48d5-9ae7-0504a111e7c5",
              "parentUUID": "7c888086-6571-4cdd-ab3a-d5a9844a25b4",
              "isHook": false,
              "skipped": false
            },
            {
              "title": "verify no search suggestion for empty search",
              "fullTitle": "Negative search pattern verify no search suggestion for empty search",
              "timedOut": null,
              "duration": 65,
              "state": "passed",
              "speed": "fast",
              "pass": true,
              "fail": false,
              "pending": false,
              "context": null,
              "code": "_search.default.click_empty_search_yields_no_result();",
              "err": {},
              "uuid": "0745baef-62af-4380-9972-5df098e69920",
              "parentUUID": "7c888086-6571-4cdd-ab3a-d5a9844a25b4",
              "isHook": false,
              "skipped": false
            }
          ],
          "suites": [],
          "passes": [
            "7f018232-eb3c-44eb-b852-7ff14707c8ea",
            "3d66f753-484e-48d5-9ae7-0504a111e7c5",
            "0745baef-62af-4380-9972-5df098e69920"
          ],
          "failures": [],
          "pending": [],
          "skipped": [],
          "duration": 1999,
          "root": false,
          "rootEmpty": false,
          "_timeout": 2000
        }
      ],
      "passes": [],
      "failures": [],
      "pending": [],
      "skipped": [],
      "duration": 0,
      "root": true,
      "rootEmpty": true,
      "_timeout": 2000
    }
  ],
  "meta": {
    "mocha": {
      "version": "7.0.1"
    },
    "mochawesome": {
      "options": {
        "quiet": false,
        "reportFilename": "mochawesome",
        "saveHtml": false,
        "saveJson": true,
        "consoleReporter": "spec",
        "useInlineDiffs": false,
        "code": true
      },
      "version": "7.1.3"
    },
    "marge": {
      "options": {
        "reportDir": "cypress/results",
        "overwrite": false,
        "html": false,
        "json": true
      },
      "version": "6.2.0"
    }
  }
}