{
  "stats": {
    "suites": 1,
    "tests": 5,
    "passes": 5,
    "pending": 0,
    "failures": 0,
    "start": "2022-09-28T05:20:08.400Z",
    "end": "2022-09-28T05:20:13.991Z",
    "duration": 5591,
    "testsRegistered": 5,
    "passPercent": 100,
    "pendingPercent": 0,
    "other": 0,
    "hasOther": false,
    "skipped": 0,
    "hasSkipped": false
  },
  "results": [
    {
      "uuid": "2daf4a6f-d15f-41a5-8145-6f292e717aa4",
      "title": "",
      "fullFile": "cypress/e2e/search.cy.js",
      "file": "cypress/e2e/search.cy.js",
      "beforeHooks": [],
      "afterHooks": [],
      "tests": [],
      "suites": [
        {
          "uuid": "0ec64348-5e64-43aa-bd3b-07cb8083c2ac",
          "title": "positive search",
          "fullFile": "",
          "file": "",
          "beforeHooks": [],
          "afterHooks": [],
          "tests": [
            {
              "title": "open wikipedia search page",
              "fullTitle": "positive search open wikipedia search page",
              "timedOut": null,
              "duration": 543,
              "state": "passed",
              "speed": "fast",
              "pass": true,
              "fail": false,
              "pending": false,
              "context": null,
              "code": "cy.visit('https://www.wikipedia.org/');\ncy.url().should('include', 'wikipedia');",
              "err": {},
              "uuid": "569fe9f5-765b-4317-b1b2-239a459cb074",
              "parentUUID": "0ec64348-5e64-43aa-bd3b-07cb8083c2ac",
              "isHook": false,
              "skipped": false
            },
            {
              "title": "enter the word to search",
              "fullTitle": "positive search enter the word to search",
              "timedOut": null,
              "duration": 3528,
              "state": "passed",
              "speed": "fast",
              "pass": true,
              "fail": false,
              "pending": false,
              "context": null,
              "code": "_search.default.enter_keyword('apollo 11');\n_search.default.select_language('en'); // cy.get('#searchLanguage>option').select('EN')\n\n_search.default.click_search_bar();",
              "err": {},
              "uuid": "d503bdee-4587-4bfd-99ab-786a0738aeb9",
              "parentUUID": "0ec64348-5e64-43aa-bd3b-07cb8083c2ac",
              "isHook": false,
              "skipped": false
            },
            {
              "title": "verify the title on the navigated page",
              "fullTitle": "positive search verify the title on the navigated page",
              "timedOut": null,
              "duration": 44,
              "state": "passed",
              "speed": "fast",
              "pass": true,
              "fail": false,
              "pending": false,
              "context": null,
              "code": "cy.title().should('include', 'Apollo 11');",
              "err": {},
              "uuid": "349d07df-6944-4ce1-9481-741930647e97",
              "parentUUID": "0ec64348-5e64-43aa-bd3b-07cb8083c2ac",
              "isHook": false,
              "skipped": false
            },
            {
              "title": "verify the url on the navigated page",
              "fullTitle": "positive search verify the url on the navigated page",
              "timedOut": null,
              "duration": 8,
              "state": "passed",
              "speed": "fast",
              "pass": true,
              "fail": false,
              "pending": false,
              "context": null,
              "code": "cy.title().should('include', 'Apollo 11');",
              "err": {},
              "uuid": "85d3cb84-f51a-4b64-9d91-de3966f7ffe0",
              "parentUUID": "0ec64348-5e64-43aa-bd3b-07cb8083c2ac",
              "isHook": false,
              "skipped": false
            },
            {
              "title": "go back to previous page",
              "fullTitle": "positive search go back to previous page",
              "timedOut": null,
              "duration": 152,
              "state": "passed",
              "speed": "fast",
              "pass": true,
              "fail": false,
              "pending": false,
              "context": null,
              "code": "cy.go('back');",
              "err": {},
              "uuid": "3b59b5b8-6485-4ae1-b8e0-c4acaeb618bd",
              "parentUUID": "0ec64348-5e64-43aa-bd3b-07cb8083c2ac",
              "isHook": false,
              "skipped": false
            }
          ],
          "suites": [],
          "passes": [
            "569fe9f5-765b-4317-b1b2-239a459cb074",
            "d503bdee-4587-4bfd-99ab-786a0738aeb9",
            "349d07df-6944-4ce1-9481-741930647e97",
            "85d3cb84-f51a-4b64-9d91-de3966f7ffe0",
            "3b59b5b8-6485-4ae1-b8e0-c4acaeb618bd"
          ],
          "failures": [],
          "pending": [],
          "skipped": [],
          "duration": 4275,
          "root": false,
          "rootEmpty": false,
          "_timeout": 2000
        }
      ],
      "passes": [],
      "failures": [],
      "pending": [],
      "skipped": [],
      "duration": 0,
      "root": true,
      "rootEmpty": true,
      "_timeout": 2000
    }
  ],
  "meta": {
    "mocha": {
      "version": "7.0.1"
    },
    "mochawesome": {
      "options": {
        "quiet": false,
        "reportFilename": "mochawesome",
        "saveHtml": false,
        "saveJson": true,
        "consoleReporter": "spec",
        "useInlineDiffs": false,
        "code": true
      },
      "version": "7.1.3"
    },
    "marge": {
      "options": {
        "reportDir": "cypress/results",
        "overwrite": false,
        "html": false,
        "json": true
      },
      "version": "6.2.0"
    }
  }
}