{
  "stats": {
    "suites": 1,
    "tests": 3,
    "passes": 3,
    "pending": 0,
    "failures": 0,
    "start": "2022-09-28T05:20:16.248Z",
    "end": "2022-09-28T05:20:19.040Z",
    "duration": 2792,
    "testsRegistered": 3,
    "passPercent": 100,
    "pendingPercent": 0,
    "other": 0,
    "hasOther": false,
    "skipped": 0,
    "hasSkipped": false
  },
  "results": [
    {
      "uuid": "c9cb10de-e8ca-46b8-96e5-a97f58177436",
      "title": "",
      "fullFile": "cypress/e2e/searchNegative.cy.js",
      "file": "cypress/e2e/searchNegative.cy.js",
      "beforeHooks": [],
      "afterHooks": [],
      "tests": [],
      "suites": [
        {
          "uuid": "ab6e2ae9-6544-4d08-9074-2259ff291344",
          "title": "Negative search pattern",
          "fullFile": "",
          "file": "",
          "beforeHooks": [],
          "afterHooks": [],
          "tests": [
            {
              "title": "open wikipedia search page",
              "fullTitle": "Negative search pattern open wikipedia search page",
              "timedOut": null,
              "duration": 510,
              "state": "passed",
              "speed": "fast",
              "pass": true,
              "fail": false,
              "pending": false,
              "context": null,
              "code": "cy.visit('https://www.wikipedia.org/');",
              "err": {},
              "uuid": "77c28b80-2f1b-45e8-8456-ebc8738e9fa9",
              "parentUUID": "ab6e2ae9-6544-4d08-9074-2259ff291344",
              "isHook": false,
              "skipped": false
            },
            {
              "title": "verify empty search yields no result",
              "fullTitle": "Negative search pattern verify empty search yields no result",
              "timedOut": null,
              "duration": 1318,
              "state": "passed",
              "speed": "fast",
              "pass": true,
              "fail": false,
              "pending": false,
              "context": null,
              "code": "_search.default.click_search_bar();",
              "err": {},
              "uuid": "e1948bfe-f0d9-481f-8bbc-4f75904afabf",
              "parentUUID": "ab6e2ae9-6544-4d08-9074-2259ff291344",
              "isHook": false,
              "skipped": false
            },
            {
              "title": "verify no search suggestion for empty search",
              "fullTitle": "Negative search pattern verify no search suggestion for empty search",
              "timedOut": null,
              "duration": 58,
              "state": "passed",
              "speed": "fast",
              "pass": true,
              "fail": false,
              "pending": false,
              "context": null,
              "code": "_search.default.click_empty_search_yields_no_result();",
              "err": {},
              "uuid": "d41841f6-50d1-43ab-8251-3a10fb8bcf79",
              "parentUUID": "ab6e2ae9-6544-4d08-9074-2259ff291344",
              "isHook": false,
              "skipped": false
            }
          ],
          "suites": [],
          "passes": [
            "77c28b80-2f1b-45e8-8456-ebc8738e9fa9",
            "e1948bfe-f0d9-481f-8bbc-4f75904afabf",
            "d41841f6-50d1-43ab-8251-3a10fb8bcf79"
          ],
          "failures": [],
          "pending": [],
          "skipped": [],
          "duration": 1886,
          "root": false,
          "rootEmpty": false,
          "_timeout": 2000
        }
      ],
      "passes": [],
      "failures": [],
      "pending": [],
      "skipped": [],
      "duration": 0,
      "root": true,
      "rootEmpty": true,
      "_timeout": 2000
    }
  ],
  "meta": {
    "mocha": {
      "version": "7.0.1"
    },
    "mochawesome": {
      "options": {
        "quiet": false,
        "reportFilename": "mochawesome",
        "saveHtml": false,
        "saveJson": true,
        "consoleReporter": "spec",
        "useInlineDiffs": false,
        "code": true
      },
      "version": "7.1.3"
    },
    "marge": {
      "options": {
        "reportDir": "cypress/results",
        "overwrite": false,
        "html": false,
        "json": true
      },
      "version": "6.2.0"
    }
  }
}