{
  "stats": {
    "suites": 1,
    "tests": 5,
    "passes": 5,
    "pending": 0,
    "failures": 0,
    "start": "2022-09-28T05:08:14.940Z",
    "end": "2022-09-28T05:08:20.703Z",
    "duration": 5763,
    "testsRegistered": 5,
    "passPercent": 100,
    "pendingPercent": 0,
    "other": 0,
    "hasOther": false,
    "skipped": 0,
    "hasSkipped": false
  },
  "results": [
    {
      "uuid": "7cd8d5f2-e222-401d-8d4e-be769acd1d8b",
      "title": "",
      "fullFile": "cypress/e2e/search.cy.js",
      "file": "cypress/e2e/search.cy.js",
      "beforeHooks": [],
      "afterHooks": [],
      "tests": [],
      "suites": [
        {
          "uuid": "1e79d80d-d2f0-4adf-8f9b-8d6f0ce6e56a",
          "title": "positive search",
          "fullFile": "",
          "file": "",
          "beforeHooks": [],
          "afterHooks": [],
          "tests": [
            {
              "title": "open wikipedia search page",
              "fullTitle": "positive search open wikipedia search page",
              "timedOut": null,
              "duration": 550,
              "state": "passed",
              "speed": "fast",
              "pass": true,
              "fail": false,
              "pending": false,
              "context": null,
              "code": "cy.visit('https://www.wikipedia.org/');\ncy.url().should('include', 'wikipedia');",
              "err": {},
              "uuid": "1774f024-ad1a-4148-ace2-a6db3c9f1fc9",
              "parentUUID": "1e79d80d-d2f0-4adf-8f9b-8d6f0ce6e56a",
              "isHook": false,
              "skipped": false
            },
            {
              "title": "enter the word to search",
              "fullTitle": "positive search enter the word to search",
              "timedOut": null,
              "duration": 3622,
              "state": "passed",
              "speed": "fast",
              "pass": true,
              "fail": false,
              "pending": false,
              "context": null,
              "code": "_search.default.enter_keyword('apollo 11');\n_search.default.select_language('en'); // cy.get('#searchLanguage>option').select('EN')\n\n_search.default.click_search_bar();",
              "err": {},
              "uuid": "cbaa579b-2f5e-4657-a0fa-e50d49d46c37",
              "parentUUID": "1e79d80d-d2f0-4adf-8f9b-8d6f0ce6e56a",
              "isHook": false,
              "skipped": false
            },
            {
              "title": "verify the title on the navigated page",
              "fullTitle": "positive search verify the title on the navigated page",
              "timedOut": null,
              "duration": 87,
              "state": "passed",
              "speed": "fast",
              "pass": true,
              "fail": false,
              "pending": false,
              "context": null,
              "code": "cy.title().should('include', 'Apollo 11');",
              "err": {},
              "uuid": "5855fc0f-dbab-44c7-9115-8bb18a4c0eed",
              "parentUUID": "1e79d80d-d2f0-4adf-8f9b-8d6f0ce6e56a",
              "isHook": false,
              "skipped": false
            },
            {
              "title": "verify the url on the navigated page",
              "fullTitle": "positive search verify the url on the navigated page",
              "timedOut": null,
              "duration": 12,
              "state": "passed",
              "speed": "fast",
              "pass": true,
              "fail": false,
              "pending": false,
              "context": null,
              "code": "cy.title().should('include', 'Apollo 11');",
              "err": {},
              "uuid": "93a7a2de-4b0d-4654-b6a7-74213c6b2e60",
              "parentUUID": "1e79d80d-d2f0-4adf-8f9b-8d6f0ce6e56a",
              "isHook": false,
              "skipped": false
            },
            {
              "title": "go back to previous page",
              "fullTitle": "positive search go back to previous page",
              "timedOut": null,
              "duration": 164,
              "state": "passed",
              "speed": "fast",
              "pass": true,
              "fail": false,
              "pending": false,
              "context": null,
              "code": "cy.go('back');",
              "err": {},
              "uuid": "bfbe2288-b906-49bd-a9de-08c0d9ba3207",
              "parentUUID": "1e79d80d-d2f0-4adf-8f9b-8d6f0ce6e56a",
              "isHook": false,
              "skipped": false
            }
          ],
          "suites": [],
          "passes": [
            "1774f024-ad1a-4148-ace2-a6db3c9f1fc9",
            "cbaa579b-2f5e-4657-a0fa-e50d49d46c37",
            "5855fc0f-dbab-44c7-9115-8bb18a4c0eed",
            "93a7a2de-4b0d-4654-b6a7-74213c6b2e60",
            "bfbe2288-b906-49bd-a9de-08c0d9ba3207"
          ],
          "failures": [],
          "pending": [],
          "skipped": [],
          "duration": 4435,
          "root": false,
          "rootEmpty": false,
          "_timeout": 2000
        }
      ],
      "passes": [],
      "failures": [],
      "pending": [],
      "skipped": [],
      "duration": 0,
      "root": true,
      "rootEmpty": true,
      "_timeout": 2000
    }
  ],
  "meta": {
    "mocha": {
      "version": "7.0.1"
    },
    "mochawesome": {
      "options": {
        "quiet": false,
        "reportFilename": "mochawesome",
        "saveHtml": false,
        "saveJson": true,
        "consoleReporter": "spec",
        "useInlineDiffs": false,
        "code": true
      },
      "version": "7.1.3"
    },
    "marge": {
      "options": {
        "reportDir": "cypress/results",
        "overwrite": false,
        "html": false,
        "json": true
      },
      "version": "6.2.0"
    }
  }
}